<?xml version="1.0" encoding="UTF-8"?>
<!-- Generated by org.testng.reporters.JUnitReportReporter -->
<testsuite hostname="Thieu" failures="0" tests="2" name="BookBhar.Bookshelf.mainpro" time="41.661" errors="0" timestamp="2021-05-12T10:14:46 IST" skipped="0">
  <testcase classname="BookBhar.Bookshelf.mainpro" name="book" time="37.696"/>
  <system-out/>
  <testcase classname="BookBhar.Bookshelf.mainpro" name="collection" time="3.965"/>
  <system-out/>
</testsuite> <!-- BookBhar.Bookshelf.mainpro -->
