<?xml version="1.0" encoding="UTF-8"?>
<!-- Generated by org.testng.reporters.JUnitReportReporter -->
<testsuite hostname="DEEPAN" failures="0" tests="4" name="book.Bookshelf.mainpro" time="86.992" errors="0" timestamp="2021-05-13T18:11:21 IST" skipped="0">
  <testcase classname="book.Bookshelf.mainpro" name="book" time="40.217"/>
  <system-out/>
  <testcase classname="book.Bookshelf.mainpro" name="collection" time="9.505"/>
  <system-out/>
  <testcase classname="book.Bookshelf.mainpro" name="GiftCard" time="27.943"/>
  <system-out/>
  <testcase classname="book.Bookshelf.mainpro" name="chair" time="9.327"/>
  <system-out/>
</testsuite> <!-- book.Bookshelf.mainpro -->
