<?xml version="1.0" encoding="UTF-8"?>
<!-- Generated by org.testng.reporters.JUnitReportReporter -->
<testsuite hostname="Lenovo" failures="0" tests="4" name="urbanladder.Main" time="131.939" errors="0" timestamp="2021-05-15T18:25:21 IST" skipped="0">
  <testcase classname="urbanladder.Main" name="book" time="81.647"/>
  <system-out/>
  <testcase classname="urbanladder.Main" name="collection" time="10.297"/>
  <system-out/>
  <testcase classname="urbanladder.Main" name="GiftCard" time="23.073"/>
  <system-out/>
  <testcase classname="urbanladder.Main" name="chair" time="16.922"/>
  <system-out/>
</testsuite> <!-- urbanladder.Main -->
