<?xml version="1.0" encoding="UTF-8"?>
<!-- Generated by org.testng.reporters.JUnitReportReporter -->
<testsuite hostname="DEEPAN" failures="0" tests="4" name="urbanladder.mainpro" time="69.621" errors="0" timestamp="2021-05-13T23:55:42 IST" skipped="0">
  <testcase classname="urbanladder.mainpro" name="book" time="32.487"/>
  <system-out/>
  <testcase classname="urbanladder.mainpro" name="collection" time="6.031"/>
  <system-out/>
  <testcase classname="urbanladder.mainpro" name="GiftCard" time="20.518"/>
  <system-out/>
  <testcase classname="urbanladder.mainpro" name="chair" time="10.585"/>
  <system-out/>
</testsuite> <!-- urbanladder.mainpro -->
